----------

Sat Oct 26 2019 08:40:01 GMT+0200 (W. Europe Daylight Time)

fatal: not a git repository (or any of the parent directories): .git


----------

Sat Oct 26 2019 08:40:02 GMT+0200 (W. Europe Daylight Time)

fatal: not a git repository (or any of the parent directories): .git


----------

Sat Oct 26 2019 08:40:02 GMT+0200 (W. Europe Daylight Time)

fatal: not a git repository (or any of the parent directories): .git


----------

Sat Oct 26 2019 08:41:48 GMT+0200 (W. Europe Daylight Time)

'B:\[' is not recognized as an internal or external command,
operable program or batch file.


----------

Sat Oct 26 2019 08:49:28 GMT+0200 (W. Europe Daylight Time)

fatal: not a git repository (or any of the parent directories): .git


----------

Sat Oct 26 2019 08:49:28 GMT+0200 (W. Europe Daylight Time)

fatal: not a git repository (or any of the parent directories): .git


----------

Sat Oct 26 2019 08:49:28 GMT+0200 (W. Europe Daylight Time)

fatal: not a git repository (or any of the parent directories): .git


